<?xml version="1.0" encoding="UTF-8"?>
<testng-results ignored="0" total="3" passed="3" failed="0" skipped="0">
  <reporter-output>
  </reporter-output>
  <suite started-at="2026-03-20T22:17:25 CET" name="Surefire suite" finished-at="2026-03-20T22:17:47 CET" duration-ms="22100">
    <groups>
      <group name="cucumber">
        <method signature="AbstractTestNGCucumberTests.runScenario(io.cucumber.testng.PickleWrapper,io.cucumber.testng.FeatureWrapper)[pri:0, instance:runner.TestRunner@7f552bd3]" name="runScenario" class="io.cucumber.testng.AbstractTestNGCucumberTests"/>
      </group> <!-- cucumber -->
    </groups>
    <test started-at="2026-03-20T22:17:25 CET" name="Surefire test" finished-at="2026-03-20T22:17:47 CET" duration-ms="22100">
      <class name="runner.TestRunner">
        <test-method is-config="true" signature="setUpClass(org.testng.ITestContext)[pri:0, instance:runner.TestRunner@7f552bd3]" started-at="2026-03-20T22:17:25 CET" name="setUpClass" finished-at="2026-03-20T22:17:26 CET" duration-ms="976" status="PASS">
          <params>
            <param index="0">
              <value>
                <![CDATA[org.testng.TestRunner@12f3afb5]]>
              </value>
            </param>
          </params>
          <reporter-output>
          </reporter-output>
        </test-method> <!-- setUpClass -->
        <test-method signature="runScenario(io.cucumber.testng.PickleWrapper,io.cucumber.testng.FeatureWrapper)[pri:0, instance:runner.TestRunner@7f552bd3]" started-at="2026-03-20T22:17:26 CET" name="runScenario" description="Runs Cucumber Scenarios" data-provider="scenarios" finished-at="2026-03-20T22:17:42 CET" duration-ms="15809" status="PASS">
          <params>
            <param index="0">
              <value>
                <![CDATA["Search with empty keyword"]]>
              </value>
            </param>
            <param index="1">
              <value>
                <![CDATA["Product Search"]]>
              </value>
            </param>
          </params>
          <reporter-output>
          </reporter-output>
        </test-method> <!-- runScenario -->
        <test-method signature="runScenario(io.cucumber.testng.PickleWrapper,io.cucumber.testng.FeatureWrapper)[pri:0, instance:runner.TestRunner@7f552bd3]" started-at="2026-03-20T22:17:26 CET" name="runScenario" description="Runs Cucumber Scenarios" data-provider="scenarios" finished-at="2026-03-20T22:17:45 CET" duration-ms="18930" status="PASS">
          <params>
            <param index="0">
              <value>
                <![CDATA["Search for existing product using partial keyword"]]>
              </value>
            </param>
            <param index="1">
              <value>
                <![CDATA["Product Search"]]>
              </value>
            </param>
          </params>
          <reporter-output>
          </reporter-output>
        </test-method> <!-- runScenario -->
        <test-method signature="runScenario(io.cucumber.testng.PickleWrapper,io.cucumber.testng.FeatureWrapper)[pri:0, instance:runner.TestRunner@7f552bd3]" started-at="2026-03-20T22:17:26 CET" name="runScenario" description="Runs Cucumber Scenarios" data-provider="scenarios" finished-at="2026-03-20T22:17:44 CET" duration-ms="18323" status="PASS">
          <params>
            <param index="0">
              <value>
                <![CDATA["Search for non existing product"]]>
              </value>
            </param>
            <param index="1">
              <value>
                <![CDATA["Product Search"]]>
              </value>
            </param>
          </params>
          <reporter-output>
          </reporter-output>
        </test-method> <!-- runScenario -->
        <test-method is-config="true" signature="tearDownClass()[pri:0, instance:runner.TestRunner@7f552bd3]" started-at="2026-03-20T22:17:45 CET" name="tearDownClass" finished-at="2026-03-20T22:17:47 CET" duration-ms="2077" status="PASS">
          <reporter-output>
          </reporter-output>
        </test-method> <!-- tearDownClass -->
      </class> <!-- runner.TestRunner -->
    </test> <!-- Surefire test -->
  </suite> <!-- Surefire suite -->
</testng-results>
