<?xml version="1.0" encoding="UTF-8"?>
<testsuite xmlns:xsi="http://www.w3.org/2001/XMLSchema-instance" xsi:noNamespaceSchemaLocation="https://maven.apache.org/surefire/maven-surefire-plugin/xsd/surefire-test-report-3.0.xsd" version="3.0" name="TestSuite" time="23.297" tests="3" errors="0" skipped="0" failures="0">
  <properties>
[...]
</properties>
  <testcase name="runScenario[&quot;Search with empty keyword&quot;, &quot;Product Search&quot;](1)" classname="runner.TestRunner" time="15.821">
    <system-out><![CDATA[
@search
Scenario: Search for existing product using partial keyword # src/test/resources/FeatureFiles/search.feature:4

@search
Scenario: Search with empty keyword                                   # src/test/resources/FeatureFiles/search.feature:16

@search
Scenario: Search for non existing product                                              # src/test/resources/FeatureFiles/search.feature:10
  Given user is on home page                                          # stepDefinition.AuthenticationSteps.user_is_on_home_page()
  Given user is on home page                                # stepDefinition.AuthenticationSteps.user_is_on_home_page()
  Given user is on home page                                                           # stepDefinition.AuthenticationSteps.user_is_on_home_page()
  When user searches for product ""                                   # stepDefinition.ProductSteps.user_searches_for_product(java.lang.String)
  Then system should display "Please enter some search keyword" alert # stepDefinition.ProductSteps.system_should_display_alert(java.lang.String)
]]></system-out>
    <system-err><![CDATA[Mar 20, 2026 10:17:27 PM org.openqa.selenium.remote.tracing.opentelemetry.OpenTelemetryTracer createTracer
INFO: Using OpenTelemetry for tracing
]]></system-err>
  </testcase>
  <testcase name="runScenario[&quot;Search for non existing product&quot;, &quot;Product Search&quot;](2)" classname="runner.TestRunner" time="18.32">
    <system-out><![CDATA[  When user searches for product "randomnonexistentproduct"                            # stepDefinition.ProductSteps.user_searches_for_product(java.lang.String)
  When user searches for product "computer"                 # stepDefinition.ProductSteps.user_searches_for_product(java.lang.String)
  Then "No products were found that matched your criteria." search error should appear # stepDefinition.ProductSteps.search_error_should_appear(java.lang.String)
]]></system-out>
  </testcase>
  <testcase name="runScenario[&quot;Search for existing product using partial keyword&quot;, &quot;Product Search&quot;](3)" classname="runner.TestRunner" time="18.927">
    <system-out><![CDATA[  Then relevant products of "computer" should be displayed  # stepDefinition.ProductSteps.relevant_products_of_should_be_displayed(java.lang.String)
]]></system-out>
  </testcase>
</testsuite>