<?xml version="1.0" encoding="UTF-8"?>
<testng-results ignored="0" total="5" passed="5" failed="0" skipped="0">
  <reporter-output>
  </reporter-output>
  <suite started-at="2026-03-11T15:55:02 CET" name="Default suite" finished-at="2026-03-11T15:55:03 CET" duration-ms="1232">
    <groups>
      <group name="cucumber">
        <method signature="AbstractTestNGCucumberTests.runScenario(io.cucumber.testng.PickleWrapper,io.cucumber.testng.FeatureWrapper)[pri:0, instance:runner.TestRunner@31f9b85e]" name="runScenario" class="io.cucumber.testng.AbstractTestNGCucumberTests"/>
      </group> <!-- cucumber -->
    </groups>
    <test started-at="2026-03-11T15:55:02 CET" name="Default test" finished-at="2026-03-11T15:55:03 CET" duration-ms="1232">
      <class name="runner.TestRunner">
        <test-method is-config="true" signature="setUpClass(org.testng.ITestContext)[pri:0, instance:runner.TestRunner@31f9b85e]" started-at="2026-03-11T15:55:02 CET" name="setUpClass" finished-at="2026-03-11T15:55:02 CET" duration-ms="521" status="PASS">
          <params>
            <param index="0">
              <value>
                <![CDATA[org.testng.TestRunner@69e308c6]]>
              </value>
            </param>
          </params>
          <reporter-output>
          </reporter-output>
        </test-method> <!-- setUpClass -->
        <test-method signature="runScenario(io.cucumber.testng.PickleWrapper,io.cucumber.testng.FeatureWrapper)[pri:0, instance:runner.TestRunner@31f9b85e]" started-at="2026-03-11T15:55:03 CET" name="runScenario" description="Runs Cucumber Scenarios" data-provider="scenarios" finished-at="2026-03-11T15:55:03 CET" duration-ms="345" status="PASS">
          <params>
            <param index="0">
              <value>
                <![CDATA["Verify product price updates after configuration"]]>
              </value>
            </param>
            <param index="1">
              <value>
                <![CDATA["Product Browsing and Selection"]]>
              </value>
            </param>
          </params>
          <reporter-output>
          </reporter-output>
        </test-method> <!-- runScenario -->
        <test-method signature="runScenario(io.cucumber.testng.PickleWrapper,io.cucumber.testng.FeatureWrapper)[pri:0, instance:runner.TestRunner@31f9b85e]" started-at="2026-03-11T15:55:03 CET" name="runScenario" description="Runs Cucumber Scenarios" data-provider="scenarios" finished-at="2026-03-11T15:55:03 CET" duration-ms="345" status="PASS">
          <params>
            <param index="0">
              <value>
                <![CDATA["View product details"]]>
              </value>
            </param>
            <param index="1">
              <value>
                <![CDATA["Product Browsing and Selection"]]>
              </value>
            </param>
          </params>
          <reporter-output>
          </reporter-output>
        </test-method> <!-- runScenario -->
        <test-method signature="runScenario(io.cucumber.testng.PickleWrapper,io.cucumber.testng.FeatureWrapper)[pri:0, instance:runner.TestRunner@31f9b85e]" started-at="2026-03-11T15:55:03 CET" name="runScenario" description="Runs Cucumber Scenarios" data-provider="scenarios" finished-at="2026-03-11T15:55:03 CET" duration-ms="345" status="PASS">
          <params>
            <param index="0">
              <value>
                <![CDATA["View products by category"]]>
              </value>
            </param>
            <param index="1">
              <value>
                <![CDATA["Product Browsing and Selection"]]>
              </value>
            </param>
          </params>
          <reporter-output>
          </reporter-output>
        </test-method> <!-- runScenario -->
        <test-method signature="runScenario(io.cucumber.testng.PickleWrapper,io.cucumber.testng.FeatureWrapper)[pri:0, instance:runner.TestRunner@31f9b85e]" started-at="2026-03-11T15:55:03 CET" name="runScenario" description="Runs Cucumber Scenarios" data-provider="scenarios" finished-at="2026-03-11T15:55:03 CET" duration-ms="345" status="PASS">
          <params>
            <param index="0">
              <value>
                <![CDATA["Attempt to add product without selecting required options"]]>
              </value>
            </param>
            <param index="1">
              <value>
                <![CDATA["Product Browsing and Selection"]]>
              </value>
            </param>
          </params>
          <reporter-output>
          </reporter-output>
        </test-method> <!-- runScenario -->
        <test-method signature="runScenario(io.cucumber.testng.PickleWrapper,io.cucumber.testng.FeatureWrapper)[pri:0, instance:runner.TestRunner@31f9b85e]" started-at="2026-03-11T15:55:03 CET" name="runScenario" description="Runs Cucumber Scenarios" data-provider="scenarios" finished-at="2026-03-11T15:55:03 CET" duration-ms="345" status="PASS">
          <params>
            <param index="0">
              <value>
                <![CDATA["Configure customizable product"]]>
              </value>
            </param>
            <param index="1">
              <value>
                <![CDATA["Product Browsing and Selection"]]>
              </value>
            </param>
          </params>
          <reporter-output>
          </reporter-output>
        </test-method> <!-- runScenario -->
        <test-method is-config="true" signature="tearDownClass()[pri:0, instance:runner.TestRunner@31f9b85e]" started-at="2026-03-11T15:55:03 CET" name="tearDownClass" finished-at="2026-03-11T15:55:03 CET" duration-ms="304" status="PASS">
          <reporter-output>
          </reporter-output>
        </test-method> <!-- tearDownClass -->
      </class> <!-- runner.TestRunner -->
    </test> <!-- Default test -->
  </suite> <!-- Default suite -->
</testng-results>
