<?xml version="1.0" encoding="UTF-8"?>
<!-- Generated by org.testng.reporters.JUnitReportReporter -->
<testsuite hostname="YADHU" failures="0" tests="5" name="runner.TestRunner" time="1.725" errors="0" timestamp="2026-03-11T15:55:03 CET" skipped="0">
  <testcase classname="runner.TestRunner" name="runScenario" time="0.345"/>
  <testcase classname="runner.TestRunner" name="runScenario" time="0.345"/>
  <testcase classname="runner.TestRunner" name="runScenario" time="0.345"/>
  <testcase classname="runner.TestRunner" name="runScenario" time="0.345"/>
  <testcase classname="runner.TestRunner" name="runScenario" time="0.345"/>
</testsuite> <!-- runner.TestRunner -->
