<?xml version="1.0" encoding="UTF-8"?>
<!-- Generated by org.testng.reporters.JUnitReportReporter -->
<testsuite hostname="YADHU" failures="0" tests="5" name="runner.TestRunner" time="277.683" errors="0" timestamp="2026-03-13T21:31:23 CET" skipped="0">
  <testcase classname="runner.TestRunner" name="runScenario" time="57.856"/>
  <testcase classname="runner.TestRunner" name="runScenario" time="42.305"/>
  <testcase classname="runner.TestRunner" name="runScenario" time="65.183"/>
  <testcase classname="runner.TestRunner" name="runScenario" time="60.608"/>
  <testcase classname="runner.TestRunner" name="runScenario" time="51.731"/>
</testsuite> <!-- runner.TestRunner -->
