<?xml version="1.0" encoding="UTF-8"?>
<!-- Generated by org.testng.reporters.JUnitReportReporter -->
<testsuite hostname="YADHU" failures="0" tests="4" name="runner.TestRunner" time="185.202" errors="0" timestamp="2026-03-19T14:21:12 CET" skipped="0">
  <testcase classname="runner.TestRunner" name="runScenario" time="50.429"/>
  <testcase classname="runner.TestRunner" name="runScenario" time="46.733"/>
  <testcase classname="runner.TestRunner" name="runScenario" time="51.093"/>
  <testcase classname="runner.TestRunner" name="runScenario" time="36.947"/>
</testsuite> <!-- runner.TestRunner -->
